<?xml version="1.0" encoding="UTF-8"?>
<robot generator="Robot 3.1.2 (Python 3.7.3 on win32)" generated="20190914 10:45:04.265" rpa="false">
<suite id="s1" name="RobotProject1" source="C:\Framework\Robot Framework\RobotProject1">
<suite id="s1-s1" name="Test" source="C:\Framework\Robot Framework\RobotProject1\test">
<suite id="s1-s1-s1" name="TestSuite1" source="C:\Framework\Robot Framework\RobotProject1\test\TestSuite1.robot">
<kw name="Log" library="BuiltIn" type="setup">
<doc>Logs the given message with the given level.</doc>
<arguments>
<arg>I am inside Test suite setup</arg>
</arguments>
<msg timestamp="20190914 10:45:04.474" level="INFO">I am inside Test suite setup</msg>
<status status="PASS" starttime="20190914 10:45:04.474" endtime="20190914 10:45:04.474"></status>
</kw>
<test id="s1-s1-s1-t1" name="GoogleSearch">
<kw name="Log" library="BuiltIn" type="setup">
<doc>Logs the given message with the given level.</doc>
<arguments>
<arg>I am inside Test case setup</arg>
</arguments>
<msg timestamp="20190914 10:45:04.475" level="INFO">I am inside Test case setup</msg>
<status status="PASS" starttime="20190914 10:45:04.475" endtime="20190914 10:45:04.475"></status>
</kw>
<kw name="Set Tags" library="BuiltIn">
<doc>Adds given ``tags`` for the current test or all tests in a suite.</doc>
<arguments>
<arg>regression1</arg>
</arguments>
<msg timestamp="20190914 10:45:04.475" level="INFO">Set tag 'regression1'.</msg>
<status status="PASS" starttime="20190914 10:45:04.475" endtime="20190914 10:45:04.475"></status>
</kw>
<kw name="Open Browser" library="SeleniumLibrary">
<doc>Opens a new browser instance to the given ``url``.</doc>
<arguments>
<arg>https://google.de</arg>
<arg>chrome</arg>
</arguments>
<msg timestamp="20190914 10:45:04.476" level="INFO">Opening browser 'chrome' to base url 'https://google.de'.</msg>
<status status="PASS" starttime="20190914 10:45:04.476" endtime="20190914 10:45:10.764"></status>
</kw>
<kw name="Input Text" library="SeleniumLibrary">
<doc>Types the given ``text`` into text field identified by ``locator``.</doc>
<arguments>
<arg>name=q</arg>
<arg>Automation step by step</arg>
</arguments>
<msg timestamp="20190914 10:45:10.765" level="INFO">Typing text 'Automation step by step' into text field 'name=q'.</msg>
<status status="PASS" starttime="20190914 10:45:10.765" endtime="20190914 10:45:10.913"></status>
</kw>
<kw name="Press Keys" library="SeleniumLibrary">
<doc>Simulates user pressing key(s) to an element or on the active browser.</doc>
<arguments>
<arg>name = q</arg>
<arg>ENTER</arg>
</arguments>
<msg timestamp="20190914 10:45:10.914" level="INFO">Sending key(s) ('ENTER',) to name = q element.</msg>
<msg timestamp="20190914 10:45:10.923" level="INFO">Pressing special key ENTER to element.</msg>
<status status="PASS" starttime="20190914 10:45:10.913" endtime="20190914 10:45:12.354"></status>
</kw>
<kw name="Sleep" library="BuiltIn">
<doc>Pauses the test executed for the given time.</doc>
<arguments>
<arg>2</arg>
</arguments>
<msg timestamp="20190914 10:45:14.357" level="INFO">Slept 2 seconds</msg>
<status status="PASS" starttime="20190914 10:45:12.354" endtime="20190914 10:45:14.357"></status>
</kw>
<kw name="Close Browser" library="SeleniumLibrary">
<doc>Closes the current browser.</doc>
<status status="PASS" starttime="20190914 10:45:14.357" endtime="20190914 10:45:16.434"></status>
</kw>
<kw name="Log" library="BuiltIn">
<doc>Logs the given message with the given level.</doc>
<arguments>
<arg>Test Completed using robot framework</arg>
</arguments>
<msg timestamp="20190914 10:45:16.435" level="INFO">Test Completed using robot framework</msg>
<status status="PASS" starttime="20190914 10:45:16.435" endtime="20190914 10:45:16.436"></status>
</kw>
<kw name="Remove Tags" library="BuiltIn">
<doc>Removes given ``tags`` from the current test or all tests in a suite.</doc>
<arguments>
<arg>regression1</arg>
</arguments>
<msg timestamp="20190914 10:45:16.437" level="INFO">Removed tag 'regression1'.</msg>
<status status="PASS" starttime="20190914 10:45:16.436" endtime="20190914 10:45:16.437"></status>
</kw>
<kw name="Log" library="BuiltIn" type="teardown">
<doc>Logs the given message with the given level.</doc>
<arguments>
<arg>I am inside Test case Teardown</arg>
</arguments>
<msg timestamp="20190914 10:45:16.438" level="INFO">I am inside Test case Teardown</msg>
<status status="PASS" starttime="20190914 10:45:16.438" endtime="20190914 10:45:16.439"></status>
</kw>
<tags>
<tag>Sanity</tag>
</tags>
<status status="PASS" starttime="20190914 10:45:04.474" endtime="20190914 10:45:16.439" critical="yes"></status>
</test>
<kw name="Log" library="BuiltIn" type="teardown">
<doc>Logs the given message with the given level.</doc>
<arguments>
<arg>I am inside Test suite Teardown</arg>
</arguments>
<msg timestamp="20190914 10:45:16.441" level="INFO">I am inside Test suite Teardown</msg>
<status status="PASS" starttime="20190914 10:45:16.441" endtime="20190914 10:45:16.442"></status>
</kw>
<status status="PASS" starttime="20190914 10:45:04.313" endtime="20190914 10:45:16.442"></status>
</suite>
<status status="PASS" starttime="20190914 10:45:04.312" endtime="20190914 10:45:16.446"></status>
</suite>
<status status="PASS" starttime="20190914 10:45:04.293" endtime="20190914 10:45:16.448"></status>
</suite>
<statistics>
<total>
<stat pass="1" fail="0">Critical Tests</stat>
<stat pass="1" fail="0">All Tests</stat>
</total>
<tag>
<stat pass="1" fail="0">Sanity</stat>
</tag>
<suite>
<stat pass="1" fail="0" id="s1" name="RobotProject1">RobotProject1</stat>
<stat pass="1" fail="0" id="s1-s1" name="Test">RobotProject1.Test</stat>
<stat pass="1" fail="0" id="s1-s1-s1" name="TestSuite1">RobotProject1.Test.TestSuite1</stat>
</suite>
</statistics>
<errors>
</errors>
</robot>
